/*C20*/SET SCHEMA PUBLIC
CONNECT USER SA
DISCONNECT
/*C21*/SET SCHEMA PUBLIC
CONNECT USER SA
drop table Quote if exists
drop table Quote_IDs if exists
create table Quote (id bigint not null, amount float, item varchar(255), name varchar(255), quantity integer, primary key (id))
create table Quote_IDs ( sequence_name varchar(255),  sequence_next_hi_value integer )
DISCONNECT
/*C22*/SET SCHEMA PUBLIC
CONNECT USER SA
SET AUTOCOMMIT FALSE
/*C23*/SET SCHEMA PUBLIC
CONNECT USER SA
SET AUTOCOMMIT FALSE
INSERT INTO QUOTE_IDS VALUES('Quote',0)
DELETE FROM QUOTE_IDS WHERE SEQUENCE_NAME='Quote' AND SEQUENCE_NEXT_HI_VALUE=0
INSERT INTO QUOTE_IDS VALUES('Quote',1)
COMMIT
SET AUTOCOMMIT TRUE
DISCONNECT
/*C24*/SET SCHEMA PUBLIC
CONNECT USER SA
SET AUTOCOMMIT FALSE
DELETE FROM QUOTE_IDS WHERE SEQUENCE_NAME='Quote' AND SEQUENCE_NEXT_HI_VALUE=1
INSERT INTO QUOTE_IDS VALUES('Quote',2)
COMMIT
SET AUTOCOMMIT TRUE
DISCONNECT
/*C22*/INSERT INTO QUOTE VALUES(1,NULL,'Iphone','eshwar',0)
COMMIT
SET AUTOCOMMIT TRUE
DISCONNECT
/*C25*/SET SCHEMA PUBLIC
CONNECT USER SA
SET AUTOCOMMIT FALSE
/*C26*/SET SCHEMA PUBLIC
CONNECT USER SA
SET AUTOCOMMIT FALSE
DELETE FROM QUOTE_IDS WHERE SEQUENCE_NAME='Quote' AND SEQUENCE_NEXT_HI_VALUE=2
INSERT INTO QUOTE_IDS VALUES('Quote',3)
COMMIT
SET AUTOCOMMIT TRUE
DISCONNECT
/*C25*/INSERT INTO QUOTE VALUES(2,NULL,'IceCream','New Estate',0)
COMMIT
SET AUTOCOMMIT TRUE
DISCONNECT
/*C27*/SET SCHEMA PUBLIC
CONNECT USER SA
SET AUTOCOMMIT FALSE
/*C28*/SET SCHEMA PUBLIC
CONNECT USER SA
SET AUTOCOMMIT FALSE
DELETE FROM QUOTE_IDS WHERE SEQUENCE_NAME='Quote' AND SEQUENCE_NEXT_HI_VALUE=3
INSERT INTO QUOTE_IDS VALUES('Quote',4)
COMMIT
SET AUTOCOMMIT TRUE
DISCONNECT
/*C27*/INSERT INTO QUOTE VALUES(3,1200.0E0,'New Item','raja estates',0)
COMMIT
SET AUTOCOMMIT TRUE
DISCONNECT
/*C29*/SET SCHEMA PUBLIC
CONNECT USER SA
SET AUTOCOMMIT FALSE
SET AUTOCOMMIT TRUE
DISCONNECT
/*C30*/SET SCHEMA PUBLIC
CONNECT USER SA
SET AUTOCOMMIT FALSE
/*C31*/SET SCHEMA PUBLIC
CONNECT USER SA
SET AUTOCOMMIT FALSE
DELETE FROM QUOTE_IDS WHERE SEQUENCE_NAME='Quote' AND SEQUENCE_NEXT_HI_VALUE=4
INSERT INTO QUOTE_IDS VALUES('Quote',5)
COMMIT
SET AUTOCOMMIT TRUE
DISCONNECT
/*C30*/INSERT INTO QUOTE VALUES(4,343.0E0,'IceCream','eshwar',9)
COMMIT
SET AUTOCOMMIT TRUE
DISCONNECT
/*C32*/SET SCHEMA PUBLIC
CONNECT USER SA
SET AUTOCOMMIT FALSE
/*C33*/SET SCHEMA PUBLIC
CONNECT USER SA
SET AUTOCOMMIT FALSE
DELETE FROM QUOTE_IDS WHERE SEQUENCE_NAME='Quote' AND SEQUENCE_NEXT_HI_VALUE=5
INSERT INTO QUOTE_IDS VALUES('Quote',6)
COMMIT
SET AUTOCOMMIT TRUE
DISCONNECT
/*C32*/INSERT INTO QUOTE VALUES(5,1200.0E0,'Iphone','Extra',0)
COMMIT
SET AUTOCOMMIT TRUE
DISCONNECT
